# JRE version: OpenJDK Runtime Environment (17.0.2+8) (build 17.0.2+8-86)
# Java VM: OpenJDK 64-Bit Server VM (17.0.2+8-86, mixed mode, sharing, tiered, compressed oops, compressed class ptrs, g1 gc, windows-amd64)
GC Precious Log:
 CPUs: 12 total, 12 available
 Memory: 16108M
 Large Page Support: Disabled
 NUMA Support: Disabled
 Compressed Oops: Enabled (Zero based)
 Heap Region Size: 4M
 Heap Min Capacity: 8M
 Heap Initial Capacity: 252M
 Heap Max Capacity: 4536M
 Pre-touch: Disabled
 Parallel Workers: 10
 Concurrent Workers: 3
 Concurrent Refinement Workers: 10
 Periodic GC: Disabled
Heap:
 garbage-first heap   total 389120K, used 206713K [0x00000006e4800000, 0x0000000800000000)
  region size 4096K, 3 young (12288K), 3 survivors (12288K)
 Metaspace       used 133967K, committed 134976K, reserved 1171456K
  class space    used 18003K, committed 18496K, reserved 1048576K
GC Heap History (20 events):
Event: 29.787 GC heap after
{Heap after GC invocations=44 (full 0):
 garbage-first heap   total 315392K, used 128480K [0x00000006e4800000, 0x0000000800000000)
  region size 4096K, 1 young (4096K), 1 survivors (4096K)
 Metaspace       used 120089K, committed 120896K, reserved 1155072K
  class space    used 16347K, committed 16768K, reserved 1048576K
}
Event: 30.171 GC heap before
{Heap before GC invocations=44 (full 0):
 garbage-first heap   total 315392K, used 255456K [0x00000006e4800000, 0x0000000800000000)
  region size 4096K, 32 young (131072K), 1 survivors (4096K)
 Metaspace       used 120285K, committed 121152K, reserved 1155072K
  class space    used 16352K, committed 16768K, reserved 1048576K
}
Event: 30.173 GC heap after
{Heap after GC invocations=45 (full 0):
 garbage-first heap   total 315392K, used 128778K [0x00000006e4800000, 0x0000000800000000)
  region size 4096K, 1 young (4096K), 1 survivors (4096K)
 Metaspace       used 120285K, committed 121152K, reserved 1155072K
  class space    used 16352K, committed 16768K, reserved 1048576K
}
Event: 41.170 GC heap before
{Heap before GC invocations=45 (full 0):
 garbage-first heap   total 315392K, used 259850K [0x00000006e4800000, 0x0000000800000000)
  region size 4096K, 33 young (135168K), 1 survivors (4096K)
 Metaspace       used 120663K, committed 121600K, reserved 1155072K
  class space    used 16369K, committed 16832K, reserved 1048576K
}
Event: 41.172 GC heap after
{Heap after GC invocations=46 (full 0):
 garbage-first heap   total 315392K, used 128914K [0x00000006e4800000, 0x0000000800000000)
  region size 4096K, 1 young (4096K), 1 survivors (4096K)
 Metaspace       used 120663K, committed 121600K, reserved 1155072K
  class space    used 16369K, committed 16832K, reserved 1048576K
}
Event: 45.313 GC heap before
{Heap before GC invocations=46 (full 0):
 garbage-first heap   total 315392K, used 272274K [0x00000006e4800000, 0x0000000800000000)
  region size 4096K, 34 young (139264K), 1 survivors (4096K)
 Metaspace       used 123096K, committed 123968K, reserved 1163264K
  class space    used 16680K, committed 17088K, reserved 1048576K
}
Event: 45.328 GC heap after
{Heap after GC invocations=47 (full 0):
 garbage-first heap   total 323584K, used 176613K [0x00000006e4800000, 0x0000000800000000)
  region size 4096K, 5 young (20480K), 5 survivors (20480K)
 Metaspace       used 123096K, committed 123968K, reserved 1163264K
  class space    used 16680K, committed 17088K, reserved 1048576K
}
Event: 45.673 GC heap before
{Heap before GC invocations=47 (full 0):
 garbage-first heap   total 323584K, used 250341K [0x00000006e4800000, 0x0000000800000000)
  region size 4096K, 23 young (94208K), 5 survivors (20480K)
 Metaspace       used 123630K, committed 124544K, reserved 1163264K
  class space    used 16727K, committed 17152K, reserved 1048576K
}
Event: 45.686 GC heap after
{Heap after GC invocations=48 (full 0):
 garbage-first heap   total 323584K, used 184186K [0x00000006e4800000, 0x0000000800000000)
  region size 4096K, 3 young (12288K), 3 survivors (12288K)
 Metaspace       used 123630K, committed 124544K, reserved 1163264K
  class space    used 16727K, committed 17152K, reserved 1048576K
}
Event: 46.191 GC heap before
{Heap before GC invocations=49 (full 0):
 garbage-first heap   total 335872K, used 249722K [0x00000006e4800000, 0x0000000800000000)
  region size 4096K, 20 young (81920K), 3 survivors (12288K)
 Metaspace       used 126676K, committed 127552K, reserved 1163264K
  class space    used 17158K, committed 17600K, reserved 1048576K
}
Event: 46.198 GC heap after
{Heap after GC invocations=50 (full 0):
 garbage-first heap   total 335872K, used 196068K [0x00000006e4800000, 0x0000000800000000)
  region size 4096K, 3 young (12288K), 3 survivors (12288K)
 Metaspace       used 126676K, committed 127552K, reserved 1163264K
  class space    used 17158K, committed 17600K, reserved 1048576K
}
Event: 46.202 GC heap before
{Heap before GC invocations=50 (full 0):
 garbage-first heap   total 335872K, used 200164K [0x00000006e4800000, 0x0000000800000000)
  region size 4096K, 4 young (16384K), 3 survivors (12288K)
 Metaspace       used 126706K, committed 127616K, reserved 1163264K
  class space    used 17167K, committed 17600K, reserved 1048576K
}
Event: 46.208 GC heap after
{Heap after GC invocations=51 (full 0):
 garbage-first heap   total 335872K, used 195625K [0x00000006e4800000, 0x0000000800000000)
  region size 4096K, 1 young (4096K), 1 survivors (4096K)
 Metaspace       used 126706K, committed 127616K, reserved 1163264K
  class space    used 17167K, committed 17600K, reserved 1048576K
}
Event: 46.271 GC heap before
{Heap before GC invocations=51 (full 0):
 garbage-first heap   total 335872K, used 212009K [0x00000006e4800000, 0x0000000800000000)
  region size 4096K, 6 young (24576K), 1 survivors (4096K)
 Metaspace       used 127684K, committed 128576K, reserved 1163264K
  class space    used 17291K, committed 17728K, reserved 1048576K
}
Event: 46.274 GC heap after
{Heap after GC invocations=52 (full 0):
 garbage-first heap   total 335872K, used 199842K [0x00000006e4800000, 0x0000000800000000)
  region size 4096K, 2 young (8192K), 2 survivors (8192K)
 Metaspace       used 127684K, committed 128576K, reserved 1163264K
  class space    used 17291K, committed 17728K, reserved 1048576K
}
Event: 46.603 GC heap before
{Heap before GC invocations=53 (full 0):
 garbage-first heap   total 389120K, used 273570K [0x00000006e4800000, 0x0000000800000000)
  region size 4096K, 16 young (65536K), 2 survivors (8192K)
 Metaspace       used 130845K, committed 131776K, reserved 1163264K
  class space    used 17616K, committed 18048K, reserved 1048576K
}
Event: 46.608 GC heap after
{Heap after GC invocations=54 (full 0):
 garbage-first heap   total 389120K, used 203288K [0x00000006e4800000, 0x0000000800000000)
  region size 4096K, 2 young (8192K), 2 survivors (8192K)
 Metaspace       used 130845K, committed 131776K, reserved 1163264K
  class space    used 17616K, committed 18048K, reserved 1048576K
}
Event: 46.698 GC heap before
{Heap before GC invocations=54 (full 0):
 garbage-first heap   total 389120K, used 207384K [0x00000006e4800000, 0x0000000800000000)
  region size 4096K, 4 young (16384K), 2 survivors (8192K)
 Metaspace       used 131195K, committed 132160K, reserved 1163264K
  class space    used 17663K, committed 18112K, reserved 1048576K
}
Event: 46.702 GC heap after
{Heap after GC invocations=55 (full 0):
 garbage-first heap   total 389120K, used 198270K [0x00000006e4800000, 0x0000000800000000)
  region size 4096K, 1 young (4096K), 1 survivors (4096K)
 Metaspace       used 131195K, committed 132160K, reserved 1163264K
  class space    used 17663K, committed 18112K, reserved 1048576K
}
Event: 47.682 GC heap before
{Heap before GC invocations=55 (full 0):
 garbage-first heap   total 389120K, used 284286K [0x00000006e4800000, 0x0000000800000000)
  region size 4096K, 23 young (94208K), 1 survivors (4096K)
 Metaspace       used 133967K, committed 134976K, reserved 1171456K
  class space    used 18003K, committed 18496K, reserved 1048576K
}

